<?xml version="1.0" encoding="UTF-8"?>
<!-- Generated by org.testng.reporters.JUnitReportReporter -->
<testsuite skipped="0" hostname="DESKTOP-UQSDP0M" name="selenium_maven_test.maven_test2" tests="1" failures="0" timestamp="2021-06-21T01:51:18 IST" time="11.032" errors="0">
  <testcase name="test" time="11.032" classname="selenium_maven_test.maven_test2"/>
  <system-out/>
</testsuite> <!-- selenium_maven_test.maven_test2 -->
