<?xml version="1.0" encoding="UTF-8"?>
<!-- Generated by org.testng.reporters.JUnitReportReporter -->
<testsuite skipped="0" hostname="DESKTOP-UQSDP0M" name="TestNG_package.First_testNG_class" tests="3" failures="0" timestamp="2021-05-31T13:11:35 IST" time="0.033" errors="0">
  <testcase name="registration" time="0.025" classname="TestNG_package.First_testNG_class"/>
  <system-out/>
  <testcase name="logout" time="0.005" classname="TestNG_package.First_testNG_class"/>
  <system-out/>
  <testcase name="gmaillogin" time="0.003" classname="TestNG_package.First_testNG_class"/>
  <system-out/>
</testsuite> <!-- TestNG_package.First_testNG_class -->
